Build started 07/08/2015 16:15:33.
     1>Project "G:\!NHajdin\Petnica\Git\BlackHoleParticles\Simulacija upadanja čestica u crnu rupu\Simulacija upadanja čestica u crnu rupu\Simulacija upadanja čestica u crnu rupu.vcxproj" on node 2 (Build target(s)).
     1>ClCompile:
         C:\Program Files (x86)\Microsoft Visual Studio 14.0\VC\bin\CL.exe /c /ZI /nologo /W3 /WX- /sdl /Od /Oy- /D WIN32 /D _DEBUG /D _CONSOLE /D _UNICODE /D UNICODE /Gm /EHsc /RTC1 /MDd /GS /fp:precise /Zc:wchar_t /Zc:forScope /Zc:inline /Yu"stdafx.h" /Fp"Debug\Simulacija upadanja čestica u crnu rupu.pch" /Fo"Debug\\" /Fd"Debug\vc140.pdb" /Gd /TP /analyze- /errorReport:prompt "Simulacija upadanja čestica u crnu rupu.cpp"
         Simulacija upadanja čestica u crnu rupu.cpp
       Link:
         C:\Program Files (x86)\Microsoft Visual Studio 14.0\VC\bin\link.exe /ERRORREPORT:PROMPT /OUT:"G:\!NHajdin\Petnica\Git\BlackHoleParticles\Simulacija upadanja čestica u crnu rupu\Debug\Simulacija upadanja čestica u crnu rupu.exe" /INCREMENTAL /NOLOGO kernel32.lib user32.lib gdi32.lib winspool.lib comdlg32.lib advapi32.lib shell32.lib ole32.lib oleaut32.lib uuid.lib odbc32.lib odbccp32.lib /MANIFEST /MANIFESTUAC:"level='asInvoker' uiAccess='false'" /manifest:embed /Debug /PDB:"G:\!NHajdin\Petnica\Git\BlackHoleParticles\Simulacija upadanja čestica u crnu rupu\Debug\Simulacija upadanja čestica u crnu rupu.pdb" /SUBSYSTEM:CONSOLE /TLBID:1 /DYNAMICBASE /NXCOMPAT /IMPLIB:"G:\!NHajdin\Petnica\Git\BlackHoleParticles\Simulacija upadanja čestica u crnu rupu\Debug\Simulacija upadanja čestica u crnu rupu.lib" /MACHINE:X86 Debug\c2Tensor.obj
         Debug\c4Force.obj
         Debug\c4Vector.obj
         Debug\c4x4Matrix.obj
         Debug\c4x4x4Matrix.obj
         Debug\cAcceleration.obj
         Debug\cBlackHole.obj
         Debug\cCMetricTensor.obj
         Debug\cCristofell.obj
         Debug\cEvent.obj
         Debug\cImpulse.obj
         Debug\cMetricTensor.obj
         Debug\cParticle.obj
         Debug\cVelocity.obj
         "Debug\Simulacija upadanja čestica u crnu rupu.obj"
         Debug\stdafx.obj
         Simulacija upadanja čestica u crnu rupu.vcxproj -> G:\!NHajdin\Petnica\Git\BlackHoleParticles\Simulacija upadanja čestica u crnu rupu\Debug\Simulacija upadanja čestica u crnu rupu.exe
     1>Done Building Project "G:\!NHajdin\Petnica\Git\BlackHoleParticles\Simulacija upadanja čestica u crnu rupu\Simulacija upadanja čestica u crnu rupu\Simulacija upadanja čestica u crnu rupu.vcxproj" (Build target(s)).

Build succeeded.

Time Elapsed 00:00:00.62
